<?xml version="1.0" encoding="UTF-8"?>
<!-- Generated by org.testng.reporters.JUnitReportReporter -->
<testsuite hostname="ASCINLAP61421" failures="0" tests="1" name="pac1.NewTest" time="0.015" errors="0" timestamp="2025-10-15T10:07:34 IST" skipped="0">
  <testcase classname="pac1.NewTest" name="f" time="0.015"/>
  <system-out/>
</testsuite> <!-- pac1.NewTest -->
