<?xml version="1.0" encoding="UTF-8"?>
<!-- Generated by org.testng.reporters.JUnitReportReporter -->
<testsuite hostname="ASCINLAP61421" failures="0" tests="4" name="pac1.TC0010_Priority" time="0.031" errors="0" timestamp="2025-10-15T10:54:43 IST" skipped="0">
  <testcase classname="pac1.TC0010_Priority" name="zohotest" time="0.019"/>
  <system-out/>
  <testcase classname="pac1.TC0010_Priority" name="amazontest" time="0.003"/>
  <system-out/>
  <testcase classname="pac1.TC0010_Priority" name="yahootest1" time="0.006"/>
  <system-out/>
  <testcase classname="pac1.TC0010_Priority" name="aaaa" time="0.003"/>
  <system-out/>
</testsuite> <!-- pac1.TC0010_Priority -->
