<?xml version="1.0" encoding="UTF-8"?>
<!-- Generated by org.testng.reporters.JUnitReportReporter -->
<testsuite hostname="ASCINLAP61421" failures="0" tests="1" name="pac1.tc009testng" time="0.009" errors="0" timestamp="2025-10-15T10:22:55 IST" skipped="0">
  <testcase classname="pac1.tc009testng" name="f" time="0.009"/>
  <system-out/>
</testsuite> <!-- pac1.tc009testng -->
